<?xml version="1.0" encoding="UTF-8"?>
<testng-results ignored="0" total="2" passed="2" failed="0" skipped="0">
  <reporter-output>
  </reporter-output>
  <suite started-at="2025-02-25T17:51:47 EST" name="All Test Suite" finished-at="2025-02-25T17:51:47 EST" duration-ms="62">
    <groups>
    </groups>
    <test started-at="2025-02-25T17:51:47 EST" name="C:/Users/yusuf/IdeaProjects/SeleniumLoc1/src/test/java/org/SeleniumAuto1/TestFirstNG.java" finished-at="2025-02-25T17:51:47 EST" duration-ms="62">
      <class name="org.SeleniumAuto1.TestFirstNG">
        <test-method is-config="true" signature="login()[pri:0, instance:org.SeleniumAuto1.TestFirstNG@65d6b83b]" started-at="2025-02-25T17:51:47 EST" name="login" finished-at="2025-02-25T17:51:47 EST" duration-ms="9" status="PASS">
          <reporter-output>
          </reporter-output>
        </test-method> <!-- login -->
        <test-method signature="search()[pri:1, instance:org.SeleniumAuto1.TestFirstNG@65d6b83b]" started-at="2025-02-25T17:51:47 EST" name="search" finished-at="2025-02-25T17:51:47 EST" duration-ms="1" status="PASS">
          <reporter-output>
          </reporter-output>
        </test-method> <!-- search -->
        <test-method is-config="true" signature="logout()[pri:0, instance:org.SeleniumAuto1.TestFirstNG@65d6b83b]" started-at="2025-02-25T17:51:47 EST" name="logout" finished-at="2025-02-25T17:51:47 EST" duration-ms="1" status="PASS">
          <reporter-output>
          </reporter-output>
        </test-method> <!-- logout -->
        <test-method is-config="true" signature="login()[pri:0, instance:org.SeleniumAuto1.TestFirstNG@65d6b83b]" started-at="2025-02-25T17:51:47 EST" name="login" finished-at="2025-02-25T17:51:47 EST" duration-ms="1" status="PASS">
          <reporter-output>
          </reporter-output>
        </test-method> <!-- login -->
        <test-method signature="AdvancedSearch()[pri:2, instance:org.SeleniumAuto1.TestFirstNG@65d6b83b]" started-at="2025-02-25T17:51:47 EST" name="AdvancedSearch" finished-at="2025-02-25T17:51:47 EST" duration-ms="1" status="PASS">
          <reporter-output>
          </reporter-output>
        </test-method> <!-- AdvancedSearch -->
        <test-method is-config="true" signature="logout()[pri:0, instance:org.SeleniumAuto1.TestFirstNG@65d6b83b]" started-at="2025-02-25T17:51:47 EST" name="logout" finished-at="2025-02-25T17:51:47 EST" duration-ms="0" status="PASS">
          <reporter-output>
          </reporter-output>
        </test-method> <!-- logout -->
      </class> <!-- org.SeleniumAuto1.TestFirstNG -->
    </test> <!-- C:/Users/yusuf/IdeaProjects/SeleniumLoc1/src/test/java/org/SeleniumAuto1/TestFirstNG.java -->
  </suite> <!-- All Test Suite -->
</testng-results>
